Using pre-set license
Built from '2021.3/release' branch; Version is '2021.3.17f1 (3e8111cac19d) revision 4096273'; Using compiler version '192829333'; Build Type 'Release'
OS: 'Windows 10  (10.0.19044) 64bit Core' Language: 'en' Physical Memory: 16314 MB
BatchMode: 1, IsHumanControllingUs: 0, StartBugReporterOnCrash: 0, Is64bit: 1, IsPro: 1

COMMAND LINE ARGUMENTS:
D:\Unity\2021.3.17f1\Editor\Unity.exe
-adb2
-batchMode
-noUpm
-name
AssetImportWorker2
-projectPath
D:/Unity Projects/DREAM-Digital-Twin-Capstone-Project
-logFile
Logs/AssetImportWorker2.log
-srvPort
50254
Successfully changed project path to: D:/Unity Projects/DREAM-Digital-Twin-Capstone-Project
D:/Unity Projects/DREAM-Digital-Twin-Capstone-Project
[UnityMemory] Configuration Parameters - Can be set up in boot.config
    "memorysetup-bucket-allocator-granularity=16"
    "memorysetup-bucket-allocator-bucket-count=8"
    "memorysetup-bucket-allocator-block-size=33554432"
    "memorysetup-bucket-allocator-block-count=8"
    "memorysetup-main-allocator-block-size=16777216"
    "memorysetup-thread-allocator-block-size=16777216"
    "memorysetup-gfx-main-allocator-block-size=16777216"
    "memorysetup-gfx-thread-allocator-block-size=16777216"
    "memorysetup-cache-allocator-block-size=4194304"
    "memorysetup-typetree-allocator-block-size=2097152"
    "memorysetup-profiler-bucket-allocator-granularity=16"
    "memorysetup-profiler-bucket-allocator-bucket-count=8"
    "memorysetup-profiler-bucket-allocator-block-size=33554432"
    "memorysetup-profiler-bucket-allocator-block-count=8"
    "memorysetup-profiler-allocator-block-size=16777216"
    "memorysetup-profiler-editor-allocator-block-size=1048576"
    "memorysetup-temp-allocator-size-main=16777216"
    "memorysetup-job-temp-allocator-block-size=2097152"
    "memorysetup-job-temp-allocator-block-size-background=1048576"
    "memorysetup-job-temp-allocator-reduction-small-platforms=262144"
    "memorysetup-temp-allocator-size-background-worker=32768"
    "memorysetup-temp-allocator-size-job-worker=262144"
    "memorysetup-temp-allocator-size-preload-manager=33554432"
    "memorysetup-temp-allocator-size-nav-mesh-worker=65536"
    "memorysetup-temp-allocator-size-audio-worker=65536"
    "memorysetup-temp-allocator-size-cloud-worker=32768"
    "memorysetup-temp-allocator-size-gi-baking-worker=262144"
    "memorysetup-temp-allocator-size-gfx=262144"
Player connection [8508] Host "[IP] 192.168.56.1 [Port] 0 [Flags] 2 [Guid] 1408565355 [EditorId] 1408565355 [Version] 1048832 [Id] WindowsEditor(7,DESKTOP-RG4GNCP) [Debug] 1 [PackageName] WindowsEditor [ProjectName] Editor" joined multi-casting on [225.0.0.222:54997]...

Player connection [8508] Host "[IP] 192.168.56.1 [Port] 0 [Flags] 2 [Guid] 1408565355 [EditorId] 1408565355 [Version] 1048832 [Id] WindowsEditor(7,DESKTOP-RG4GNCP) [Debug] 1 [PackageName] WindowsEditor [ProjectName] Editor" joined alternative multi-casting on [225.0.0.222:34997]...

Refreshing native plugins compatible for Editor in 127.67 ms, found 11 plugins.
Preloading 0 native plugins for Editor in 0.00 ms.
Initialize engine version: 2021.3.17f1 (3e8111cac19d)
[Subsystems] Discovering subsystems at path D:/Unity/2021.3.17f1/Editor/Data/Resources/UnitySubsystems
[Subsystems] Discovering subsystems at path D:/Unity Projects/DREAM-Digital-Twin-Capstone-Project/Assets
GfxDevice: creating device client; threaded=0; jobified=0
Direct3D:
    Version:  Direct3D 11.0 [level 11.1]
    Renderer: NVIDIA GeForce GTX 1080 (ID=0x1b80)
    Vendor:   NVIDIA
    VRAM:     8072 MB
    Driver:   31.0.15.2698
Initialize mono
Mono path[0] = 'D:/Unity/2021.3.17f1/Editor/Data/Managed'
Mono path[1] = 'D:/Unity/2021.3.17f1/Editor/Data/MonoBleedingEdge/lib/mono/unityjit-win32'
Mono config path = 'D:/Unity/2021.3.17f1/Editor/Data/MonoBleedingEdge/etc'
Using monoOptions --debugger-agent=transport=dt_socket,embedding=1,server=y,suspend=n,address=127.0.0.1:56508
Begin MonoManager ReloadAssembly
Registering precompiled unity dll's ...
Register platform support module: D:/Unity/2021.3.17f1/Editor/Data/PlaybackEngines/WindowsStandaloneSupport/UnityEditor.WindowsStandalone.Extensions.dll
Registered in 0.002835 seconds.
Native extension for WindowsStandalone target not found
Refreshing native plugins compatible for Editor in 90.62 ms, found 11 plugins.
Preloading 0 native plugins for Editor in 0.00 ms.
Mono: successfully reloaded assembly
- Completed reload, in  0.662 seconds
Domain Reload Profiling:
	ReloadAssembly (663ms)
		BeginReloadAssembly (104ms)
			ExecutionOrderSort (0ms)
			DisableScriptedObjects (0ms)
			BackupInstance (0ms)
			ReleaseScriptingObjects (0ms)
			CreateAndSetChildDomain (1ms)
		EndReloadAssembly (456ms)
			LoadAssemblies (103ms)
			RebuildTransferFunctionScriptingTraits (0ms)
			SetupTypeCache (105ms)
			ReleaseScriptCaches (0ms)
			RebuildScriptCaches (27ms)
			SetupLoadedEditorAssemblies (277ms)
				LogAssemblyErrors (0ms)
				InitializePlatformSupportModulesInManaged (6ms)
				SetLoadedEditorAssemblies (0ms)
				RefreshPlugins (91ms)
				BeforeProcessingInitializeOnLoad (1ms)
				ProcessInitializeOnLoadAttributes (135ms)
				ProcessInitializeOnLoadMethodAttributes (43ms)
				AfterProcessingInitializeOnLoad (0ms)
				EditorAssembliesLoaded (0ms)
			ExecutionOrderSort2 (0ms)
			AwakeInstancesAfterBackupRestoration (0ms)
Platform modules already initialized, skipping
Registering precompiled user dll's ...
Registered in 0.013967 seconds.
Begin MonoManager ReloadAssembly
Symbol file LoadedFromMemory doesn't match image D:\Unity Projects\DREAM-Digital-Twin-Capstone-Project\Library\PackageCache\com.unity.visualscripting@1.8.0\Editor\VisualScripting.Core\Dependencies\DotNetZip\Unity.VisualScripting.IonicZip.dll
Symbol file LoadedFromMemory doesn't match image D:\Unity Projects\DREAM-Digital-Twin-Capstone-Project\Library\PackageCache\com.unity.visualscripting@1.8.0\Editor\VisualScripting.Core\Dependencies\YamlDotNet\Unity.VisualScripting.YamlDotNet.dll
Native extension for WindowsStandalone target not found
Refreshing native plugins compatible for Editor in 88.82 ms, found 11 plugins.
Preloading 0 native plugins for Editor in 0.00 ms.
Package Manager log level set to [2]
Mono: successfully reloaded assembly
- Completed reload, in  1.266 seconds
Domain Reload Profiling:
	ReloadAssembly (1267ms)
		BeginReloadAssembly (122ms)
			ExecutionOrderSort (0ms)
			DisableScriptedObjects (6ms)
			BackupInstance (0ms)
			ReleaseScriptingObjects (0ms)
			CreateAndSetChildDomain (18ms)
		EndReloadAssembly (1027ms)
			LoadAssemblies (117ms)
			RebuildTransferFunctionScriptingTraits (0ms)
			SetupTypeCache (294ms)
			ReleaseScriptCaches (1ms)
			RebuildScriptCaches (60ms)
			SetupLoadedEditorAssemblies (530ms)
				LogAssemblyErrors (0ms)
				InitializePlatformSupportModulesInManaged (3ms)
				SetLoadedEditorAssemblies (0ms)
				RefreshPlugins (89ms)
				BeforeProcessingInitializeOnLoad (94ms)
				ProcessInitializeOnLoadAttributes (317ms)
				ProcessInitializeOnLoadMethodAttributes (23ms)
				AfterProcessingInitializeOnLoad (3ms)
				EditorAssembliesLoaded (0ms)
			ExecutionOrderSort2 (0ms)
			AwakeInstancesAfterBackupRestoration (6ms)
Platform modules already initialized, skipping
========================================================================
Worker process is ready to serve import requests
Launched and connected shader compiler UnityShaderCompiler.exe after 0.07 seconds
Refreshing native plugins compatible for Editor in 0.88 ms, found 11 plugins.
Preloading 0 native plugins for Editor in 0.00 ms.
Unloading 4305 Unused Serialized files (Serialized files now loaded: 0)
Unloading 69 unused Assets / (59.0 KB). Loaded Objects now: 4769.
Memory consumption went from 149.2 MB to 149.2 MB.
Total: 3.596800 ms (FindLiveObjects: 0.308000 ms CreateObjectMapping: 0.222600 ms MarkObjects: 2.967100 ms  DeleteObjects: 0.098300 ms)

AssetImportParameters requested are different than current active one (requested -> active):
  custom:video-decoder-ogg-theora: a1e56fd34408186e4bbccfd4996cb3dc -> 
  custom:container-muxer-webm: aa71ff27fc2769a1b78a27578f13a17b -> 
  custom:container-demuxer-webm: 4f35f7cbe854078d1ac9338744f61a02 -> 
  custom:video-encoder-webm-vp8: eb34c28f22e8b96e1ab97ce403110664 -> 
  custom:audio-encoder-webm-vorbis: bf7c407c2cedff20999df2af8eb42d56 -> 
  custom:framework-win-MediaFoundation: 216162199b28c13a410421893ffa2e32 -> 
  custom:container-demuxer-ogg: 62fdf1f143b41e24485cea50d1cbac27 -> 
  custom:video-decoder-webm-vp8: 9c59270c3fd7afecdb556c50c9e8de78 -> 
  custom:audio-decoder-ogg-vorbis: bf7c407c2cedff20999df2af8eb42d56 -> 
========================================================================
Received Import Request.
  Time since last request: 188306.766071 seconds.
  path: Assets/Brick Project Studio/Apartment Kit/_Prefabs/Furniture/Bedroom
  artifactKey: Guid(226296606f5d6a7448cfcc5294e66b37) Importer(815301076,1909f56bfc062723c751e8b465ee728b)
Start importing Assets/Brick Project Studio/Apartment Kit/_Prefabs/Furniture/Bedroom using Guid(226296606f5d6a7448cfcc5294e66b37) Importer(815301076,1909f56bfc062723c751e8b465ee728b)  -> (artifact id: 'b1a470cd25a72fe96ab5b63d3db073fa') in 0.011206 seconds 
========================================================================
Received Import Request.
  Time since last request: 0.072633 seconds.
  path: Assets/Brick Project Studio/Apartment Kit/_Prefabs/Furniture/Bedroom/Bed_Apt_01_01.prefab
  artifactKey: Guid(bd82980ec0e466d48a84803eba02265f) Importer(815301076,1909f56bfc062723c751e8b465ee728b)
Start importing Assets/Brick Project Studio/Apartment Kit/_Prefabs/Furniture/Bedroom/Bed_Apt_01_01.prefab using Guid(bd82980ec0e466d48a84803eba02265f) Importer(815301076,1909f56bfc062723c751e8b465ee728b)  -> (artifact id: '17fee6efe9cbdbe716acf495d3fc1639') in 0.176127 seconds 
========================================================================
Received Import Request.
  Time since last request: 4.659062 seconds.
  path: Assets/Brick Project Studio/Apartment Kit/_Prefabs/Furniture/Living Room
  artifactKey: Guid(53e140c5a0581424493108af1eb65836) Importer(815301076,1909f56bfc062723c751e8b465ee728b)
Start importing Assets/Brick Project Studio/Apartment Kit/_Prefabs/Furniture/Living Room using Guid(53e140c5a0581424493108af1eb65836) Importer(815301076,1909f56bfc062723c751e8b465ee728b)  -> (artifact id: '92ac1d0a622436923f77e4f5565d7a2b') in 0.006726 seconds 
========================================================================
Received Import Request.
  Time since last request: 0.069464 seconds.
  path: Assets/Brick Project Studio/Apartment Kit/_Prefabs/Furniture/Living Room/Bench_Apt_01.prefab
  artifactKey: Guid(544e2a3365ece1e428837232ca8b768d) Importer(815301076,1909f56bfc062723c751e8b465ee728b)
Start importing Assets/Brick Project Studio/Apartment Kit/_Prefabs/Furniture/Living Room/Bench_Apt_01.prefab using Guid(544e2a3365ece1e428837232ca8b768d) Importer(815301076,1909f56bfc062723c751e8b465ee728b)  -> (artifact id: '5f37c8fa5a2a7b36a2fb670443d344c1') in 0.129707 seconds 
========================================================================
Received Import Request.
  Time since last request: 0.000021 seconds.
  path: Assets/Brick Project Studio/Apartment Kit/_Prefabs/Furniture/Living Room/Table_Coffee_01.prefab
  artifactKey: Guid(8c62e0f64b2956748ab5f5ece60bc90c) Importer(815301076,1909f56bfc062723c751e8b465ee728b)
Start importing Assets/Brick Project Studio/Apartment Kit/_Prefabs/Furniture/Living Room/Table_Coffee_01.prefab using Guid(8c62e0f64b2956748ab5f5ece60bc90c) Importer(815301076,1909f56bfc062723c751e8b465ee728b)  -> (artifact id: '07f18deb0ade35fa4cfc5d7b55817c22') in 0.023495 seconds 
========================================================================
Received Import Request.
  Time since last request: 0.000023 seconds.
  path: Assets/Brick Project Studio/Apartment Kit/_Prefabs/Furniture/Living Room/Table_Side_Apt_01.prefab
  artifactKey: Guid(355f0f3f8c2463f4d8bed401784f063f) Importer(815301076,1909f56bfc062723c751e8b465ee728b)
Start importing Assets/Brick Project Studio/Apartment Kit/_Prefabs/Furniture/Living Room/Table_Side_Apt_01.prefab using Guid(355f0f3f8c2463f4d8bed401784f063f) Importer(815301076,1909f56bfc062723c751e8b465ee728b)  -> (artifact id: '8f223420d05aaae6d5715cc2c67ece81') in 0.275415 seconds 
========================================================================
Received Import Request.
  Time since last request: 0.000026 seconds.
  path: Assets/Brick Project Studio/Apartment Kit/_Prefabs/Furniture/Living Room/Table_Media_01.prefab
  artifactKey: Guid(54a1d2aa299948d4386f320102e514a9) Importer(815301076,1909f56bfc062723c751e8b465ee728b)
Start importing Assets/Brick Project Studio/Apartment Kit/_Prefabs/Furniture/Living Room/Table_Media_01.prefab using Guid(54a1d2aa299948d4386f320102e514a9) Importer(815301076,1909f56bfc062723c751e8b465ee728b)  -> (artifact id: '33a97baa7923f15838c7d9167e4a3c8e') in 0.237224 seconds 
========================================================================
Received Import Request.
  Time since last request: 12.133715 seconds.
  path: Assets/Brick Project Studio/Apartment Kit/_Prefabs/Props
  artifactKey: Guid(02e76bb95b2116e42b266711b1f8545c) Importer(815301076,1909f56bfc062723c751e8b465ee728b)
Start importing Assets/Brick Project Studio/Apartment Kit/_Prefabs/Props using Guid(02e76bb95b2116e42b266711b1f8545c) Importer(815301076,1909f56bfc062723c751e8b465ee728b)  -> (artifact id: 'bc48d27750380f3734be61f8a5007f8a') in 0.005970 seconds 
========================================================================
Received Import Request.
  Time since last request: 2.288376 seconds.
  path: Assets/Brick Project Studio/Apartment Kit/_Prefabs/Props/Misc
  artifactKey: Guid(3117a122a6c169a41a667dda50162953) Importer(815301076,1909f56bfc062723c751e8b465ee728b)
Start importing Assets/Brick Project Studio/Apartment Kit/_Prefabs/Props/Misc using Guid(3117a122a6c169a41a667dda50162953) Importer(815301076,1909f56bfc062723c751e8b465ee728b)  -> (artifact id: '5beac3d33a74095c09384256445cf300') in 0.002133 seconds 
========================================================================
Received Import Request.
  Time since last request: 0.058692 seconds.
  path: Assets/Brick Project Studio/Apartment Kit/_Prefabs/Props/Misc/CandelSetting_apt_01.prefab
  artifactKey: Guid(e2fa05d22ec876745aec3dd263e3622f) Importer(815301076,1909f56bfc062723c751e8b465ee728b)
Start importing Assets/Brick Project Studio/Apartment Kit/_Prefabs/Props/Misc/CandelSetting_apt_01.prefab using Guid(e2fa05d22ec876745aec3dd263e3622f) Importer(815301076,1909f56bfc062723c751e8b465ee728b)  -> (artifact id: 'a4ec49f5a1da1926855c47b8d854ae6a') in 0.304914 seconds 
========================================================================
Received Import Request.
  Time since last request: 99.476343 seconds.
  path: Assets/Brick Project Studio/Apartment Kit/_Prefabs/Props/Electronics
  artifactKey: Guid(6e88a5a6fd85244439a03a3746000887) Importer(815301076,1909f56bfc062723c751e8b465ee728b)
Start importing Assets/Brick Project Studio/Apartment Kit/_Prefabs/Props/Electronics using Guid(6e88a5a6fd85244439a03a3746000887) Importer(815301076,1909f56bfc062723c751e8b465ee728b)  -> (artifact id: '637f272132713a7dcadfa925f5181ab3') in 0.006219 seconds 
========================================================================
Received Import Request.
  Time since last request: 0.069429 seconds.
  path: Assets/Brick Project Studio/Apartment Kit/_Prefabs/Props/Electronics/Computer_apt_01.prefab
  artifactKey: Guid(20fbfa03139c8c44185545f076543e47) Importer(815301076,1909f56bfc062723c751e8b465ee728b)
Start importing Assets/Brick Project Studio/Apartment Kit/_Prefabs/Props/Electronics/Computer_apt_01.prefab using Guid(20fbfa03139c8c44185545f076543e47) Importer(815301076,1909f56bfc062723c751e8b465ee728b)  -> (artifact id: '298c3e45bcacb446f3622bbbe27b4241') in 0.019152 seconds 
========================================================================
Received Import Request.
  Time since last request: 0.000016 seconds.
  path: Assets/Brick Project Studio/Apartment Kit/_Prefabs/Props/Electronics/KeyBoard_Apt_01.prefab
  artifactKey: Guid(cf41c3b90dc3ff44c8efe4be6ce3494c) Importer(815301076,1909f56bfc062723c751e8b465ee728b)
Start importing Assets/Brick Project Studio/Apartment Kit/_Prefabs/Props/Electronics/KeyBoard_Apt_01.prefab using Guid(cf41c3b90dc3ff44c8efe4be6ce3494c) Importer(815301076,1909f56bfc062723c751e8b465ee728b)  -> (artifact id: '830e1a0067d5cb2755c50c1e179a0821') in 0.018835 seconds 
========================================================================
Received Import Request.
  Time since last request: 0.000018 seconds.
  path: Assets/Brick Project Studio/Apartment Kit/_Prefabs/Props/Electronics/Monitor_Apt_01.prefab
  artifactKey: Guid(1091ee0a141f2ba429668a6cc5a0f03e) Importer(815301076,1909f56bfc062723c751e8b465ee728b)
Start importing Assets/Brick Project Studio/Apartment Kit/_Prefabs/Props/Electronics/Monitor_Apt_01.prefab using Guid(1091ee0a141f2ba429668a6cc5a0f03e) Importer(815301076,1909f56bfc062723c751e8b465ee728b)  -> (artifact id: 'c83b688e75595671e276cf25f78cd04d') in 0.116711 seconds 
========================================================================
Received Import Request.
  Time since last request: 0.000022 seconds.
  path: Assets/Brick Project Studio/Apartment Kit/_Prefabs/Props/Electronics/Mouse_apt_01.prefab
  artifactKey: Guid(77693aa9ab898634298b44790e14e5f3) Importer(815301076,1909f56bfc062723c751e8b465ee728b)
Start importing Assets/Brick Project Studio/Apartment Kit/_Prefabs/Props/Electronics/Mouse_apt_01.prefab using Guid(77693aa9ab898634298b44790e14e5f3) Importer(815301076,1909f56bfc062723c751e8b465ee728b)  -> (artifact id: 'c82c92dc47cc721f7a588f41dde2b389') in 0.013601 seconds 
========================================================================
Received Import Request.
  Time since last request: 0.000028 seconds.
  path: Assets/Brick Project Studio/Apartment Kit/_Prefabs/Props/Electronics/SS_Stand_01.prefab
  artifactKey: Guid(70c062c3a7500e7479c9797b6190948e) Importer(815301076,1909f56bfc062723c751e8b465ee728b)
Start importing Assets/Brick Project Studio/Apartment Kit/_Prefabs/Props/Electronics/SS_Stand_01.prefab using Guid(70c062c3a7500e7479c9797b6190948e) Importer(815301076,1909f56bfc062723c751e8b465ee728b)  -> (artifact id: '7e4c5d9bf907c9f956250eb4a9246cc6') in 0.017920 seconds 
========================================================================
Received Import Request.
  Time since last request: 0.000020 seconds.
  path: Assets/Brick Project Studio/Apartment Kit/_Prefabs/Props/Electronics/Speaker Sub.prefab
  artifactKey: Guid(484da822e5bb83b4281e1b99f942b4c1) Importer(815301076,1909f56bfc062723c751e8b465ee728b)
Start importing Assets/Brick Project Studio/Apartment Kit/_Prefabs/Props/Electronics/Speaker Sub.prefab using Guid(484da822e5bb83b4281e1b99f942b4c1) Importer(815301076,1909f56bfc062723c751e8b465ee728b)  -> (artifact id: '4a653e79ada2ffde96ab67d9a7f45b8b') in 0.016840 seconds 
========================================================================
Received Import Request.
  Time since last request: 0.000020 seconds.
  path: Assets/Brick Project Studio/Apartment Kit/_Prefabs/Props/Electronics/GameController_Apt_01_01.prefab
  artifactKey: Guid(94e4c3350f88fe94ba5e156103abcf1c) Importer(815301076,1909f56bfc062723c751e8b465ee728b)
Start importing Assets/Brick Project Studio/Apartment Kit/_Prefabs/Props/Electronics/GameController_Apt_01_01.prefab using Guid(94e4c3350f88fe94ba5e156103abcf1c) Importer(815301076,1909f56bfc062723c751e8b465ee728b)  -> (artifact id: '29ea809c65de90146b06d45d2711bf79') in 0.022156 seconds 
========================================================================
Received Import Request.
  Time since last request: 0.000017 seconds.
  path: Assets/Brick Project Studio/Apartment Kit/_Prefabs/Props/Electronics/GameController_Apt_01_02.prefab
  artifactKey: Guid(f3421f20f5f724a4fab68ce9de3753e8) Importer(815301076,1909f56bfc062723c751e8b465ee728b)
Start importing Assets/Brick Project Studio/Apartment Kit/_Prefabs/Props/Electronics/GameController_Apt_01_02.prefab using Guid(f3421f20f5f724a4fab68ce9de3753e8) Importer(815301076,1909f56bfc062723c751e8b465ee728b)  -> (artifact id: '03b07a2c1387faf1b7d9798527dc4895') in 0.021700 seconds 
Editor requested this worker to shutdown with reason: Scaling down because of idle timeout
AssetImportWorker is now disconnected from the server
Process exiting
Exiting without the bug reporter. Application will terminate with return code 0