Using pre-set license
Built from '2021.3/release' branch; Version is '2021.3.17f1 (3e8111cac19d) revision 4096273'; Using compiler version '192829333'; Build Type 'Release'
OS: 'Windows 10  (10.0.19044) 64bit Core' Language: 'en' Physical Memory: 16314 MB
BatchMode: 1, IsHumanControllingUs: 0, StartBugReporterOnCrash: 0, Is64bit: 1, IsPro: 1

COMMAND LINE ARGUMENTS:
D:\Unity\2021.3.17f1\Editor\Unity.exe
-adb2
-batchMode
-noUpm
-name
AssetImportWorker1
-projectPath
D:/Unity Projects/DREAM-Digital-Twin-Capstone-Project
-logFile
Logs/AssetImportWorker1.log
-srvPort
50254
Successfully changed project path to: D:/Unity Projects/DREAM-Digital-Twin-Capstone-Project
D:/Unity Projects/DREAM-Digital-Twin-Capstone-Project
[UnityMemory] Configuration Parameters - Can be set up in boot.config
    "memorysetup-bucket-allocator-granularity=16"
    "memorysetup-bucket-allocator-bucket-count=8"
    "memorysetup-bucket-allocator-block-size=33554432"
    "memorysetup-bucket-allocator-block-count=8"
    "memorysetup-main-allocator-block-size=16777216"
    "memorysetup-thread-allocator-block-size=16777216"
    "memorysetup-gfx-main-allocator-block-size=16777216"
    "memorysetup-gfx-thread-allocator-block-size=16777216"
    "memorysetup-cache-allocator-block-size=4194304"
    "memorysetup-typetree-allocator-block-size=2097152"
    "memorysetup-profiler-bucket-allocator-granularity=16"
    "memorysetup-profiler-bucket-allocator-bucket-count=8"
    "memorysetup-profiler-bucket-allocator-block-size=33554432"
    "memorysetup-profiler-bucket-allocator-block-count=8"
    "memorysetup-profiler-allocator-block-size=16777216"
    "memorysetup-profiler-editor-allocator-block-size=1048576"
    "memorysetup-temp-allocator-size-main=16777216"
    "memorysetup-job-temp-allocator-block-size=2097152"
    "memorysetup-job-temp-allocator-block-size-background=1048576"
    "memorysetup-job-temp-allocator-reduction-small-platforms=262144"
    "memorysetup-temp-allocator-size-background-worker=32768"
    "memorysetup-temp-allocator-size-job-worker=262144"
    "memorysetup-temp-allocator-size-preload-manager=33554432"
    "memorysetup-temp-allocator-size-nav-mesh-worker=65536"
    "memorysetup-temp-allocator-size-audio-worker=65536"
    "memorysetup-temp-allocator-size-cloud-worker=32768"
    "memorysetup-temp-allocator-size-gi-baking-worker=262144"
    "memorysetup-temp-allocator-size-gfx=262144"
Player connection [17528] Host "[IP] 192.168.56.1 [Port] 0 [Flags] 2 [Guid] 3890228372 [EditorId] 3890228372 [Version] 1048832 [Id] WindowsEditor(7,DESKTOP-RG4GNCP) [Debug] 1 [PackageName] WindowsEditor [ProjectName] Editor" joined multi-casting on [225.0.0.222:54997]...

Player connection [17528] Host "[IP] 192.168.56.1 [Port] 0 [Flags] 2 [Guid] 3890228372 [EditorId] 3890228372 [Version] 1048832 [Id] WindowsEditor(7,DESKTOP-RG4GNCP) [Debug] 1 [PackageName] WindowsEditor [ProjectName] Editor" joined alternative multi-casting on [225.0.0.222:34997]...

Refreshing native plugins compatible for Editor in 106.82 ms, found 11 plugins.
Preloading 0 native plugins for Editor in 0.00 ms.
Initialize engine version: 2021.3.17f1 (3e8111cac19d)
[Subsystems] Discovering subsystems at path D:/Unity/2021.3.17f1/Editor/Data/Resources/UnitySubsystems
[Subsystems] Discovering subsystems at path D:/Unity Projects/DREAM-Digital-Twin-Capstone-Project/Assets
GfxDevice: creating device client; threaded=0; jobified=0
Direct3D:
    Version:  Direct3D 11.0 [level 11.1]
    Renderer: NVIDIA GeForce GTX 1080 (ID=0x1b80)
    Vendor:   NVIDIA
    VRAM:     8072 MB
    Driver:   31.0.15.2698
Initialize mono
Mono path[0] = 'D:/Unity/2021.3.17f1/Editor/Data/Managed'
Mono path[1] = 'D:/Unity/2021.3.17f1/Editor/Data/MonoBleedingEdge/lib/mono/unityjit-win32'
Mono config path = 'D:/Unity/2021.3.17f1/Editor/Data/MonoBleedingEdge/etc'
Using monoOptions --debugger-agent=transport=dt_socket,embedding=1,server=y,suspend=n,address=127.0.0.1:56580
Begin MonoManager ReloadAssembly
Registering precompiled unity dll's ...
Register platform support module: D:/Unity/2021.3.17f1/Editor/Data/PlaybackEngines/WindowsStandaloneSupport/UnityEditor.WindowsStandalone.Extensions.dll
Registered in 0.002819 seconds.
Native extension for WindowsStandalone target not found
Refreshing native plugins compatible for Editor in 86.23 ms, found 11 plugins.
Preloading 0 native plugins for Editor in 0.00 ms.
Mono: successfully reloaded assembly
- Completed reload, in  0.790 seconds
Domain Reload Profiling:
	ReloadAssembly (791ms)
		BeginReloadAssembly (110ms)
			ExecutionOrderSort (0ms)
			DisableScriptedObjects (0ms)
			BackupInstance (0ms)
			ReleaseScriptingObjects (0ms)
			CreateAndSetChildDomain (1ms)
		EndReloadAssembly (575ms)
			LoadAssemblies (110ms)
			RebuildTransferFunctionScriptingTraits (0ms)
			SetupTypeCache (120ms)
			ReleaseScriptCaches (0ms)
			RebuildScriptCaches (29ms)
			SetupLoadedEditorAssemblies (371ms)
				LogAssemblyErrors (0ms)
				InitializePlatformSupportModulesInManaged (6ms)
				SetLoadedEditorAssemblies (0ms)
				RefreshPlugins (86ms)
				BeforeProcessingInitializeOnLoad (2ms)
				ProcessInitializeOnLoadAttributes (192ms)
				ProcessInitializeOnLoadMethodAttributes (84ms)
				AfterProcessingInitializeOnLoad (0ms)
				EditorAssembliesLoaded (0ms)
			ExecutionOrderSort2 (0ms)
			AwakeInstancesAfterBackupRestoration (0ms)
Platform modules already initialized, skipping
Registering precompiled user dll's ...
Registered in 0.019523 seconds.
Begin MonoManager ReloadAssembly
Symbol file LoadedFromMemory doesn't match image D:\Unity Projects\DREAM-Digital-Twin-Capstone-Project\Library\PackageCache\com.unity.visualscripting@1.8.0\Editor\VisualScripting.Core\Dependencies\DotNetZip\Unity.VisualScripting.IonicZip.dll
Symbol file LoadedFromMemory doesn't match image D:\Unity Projects\DREAM-Digital-Twin-Capstone-Project\Library\PackageCache\com.unity.visualscripting@1.8.0\Editor\VisualScripting.Core\Dependencies\YamlDotNet\Unity.VisualScripting.YamlDotNet.dll
Native extension for WindowsStandalone target not found
Refreshing native plugins compatible for Editor in 97.03 ms, found 11 plugins.
Preloading 0 native plugins for Editor in 0.00 ms.
Package Manager log level set to [2]
Mono: successfully reloaded assembly
- Completed reload, in  1.411 seconds
Domain Reload Profiling:
	ReloadAssembly (1411ms)
		BeginReloadAssembly (149ms)
			ExecutionOrderSort (0ms)
			DisableScriptedObjects (5ms)
			BackupInstance (0ms)
			ReleaseScriptingObjects (0ms)
			CreateAndSetChildDomain (18ms)
		EndReloadAssembly (1146ms)
			LoadAssemblies (156ms)
			RebuildTransferFunctionScriptingTraits (0ms)
			SetupTypeCache (337ms)
			ReleaseScriptCaches (1ms)
			RebuildScriptCaches (72ms)
			SetupLoadedEditorAssemblies (584ms)
				LogAssemblyErrors (0ms)
				InitializePlatformSupportModulesInManaged (4ms)
				SetLoadedEditorAssemblies (0ms)
				RefreshPlugins (97ms)
				BeforeProcessingInitializeOnLoad (113ms)
				ProcessInitializeOnLoadAttributes (339ms)
				ProcessInitializeOnLoadMethodAttributes (27ms)
				AfterProcessingInitializeOnLoad (3ms)
				EditorAssembliesLoaded (0ms)
			ExecutionOrderSort2 (0ms)
			AwakeInstancesAfterBackupRestoration (6ms)
Platform modules already initialized, skipping
========================================================================
Worker process is ready to serve import requests
Launched and connected shader compiler UnityShaderCompiler.exe after 0.08 seconds
Refreshing native plugins compatible for Editor in 0.91 ms, found 11 plugins.
Preloading 0 native plugins for Editor in 0.00 ms.
Unloading 4286 Unused Serialized files (Serialized files now loaded: 0)
Unloading 69 unused Assets / (58.5 KB). Loaded Objects now: 4748.
Memory consumption went from 148.3 MB to 148.3 MB.
Total: 3.560500 ms (FindLiveObjects: 0.324700 ms CreateObjectMapping: 0.277700 ms MarkObjects: 2.877000 ms  DeleteObjects: 0.080100 ms)

AssetImportParameters requested are different than current active one (requested -> active):
  custom:video-decoder-ogg-theora: a1e56fd34408186e4bbccfd4996cb3dc -> 
  custom:container-muxer-webm: aa71ff27fc2769a1b78a27578f13a17b -> 
  custom:container-demuxer-webm: 4f35f7cbe854078d1ac9338744f61a02 -> 
  custom:video-encoder-webm-vp8: eb34c28f22e8b96e1ab97ce403110664 -> 
  custom:audio-encoder-webm-vorbis: bf7c407c2cedff20999df2af8eb42d56 -> 
  custom:framework-win-MediaFoundation: 216162199b28c13a410421893ffa2e32 -> 
  custom:container-demuxer-ogg: 62fdf1f143b41e24485cea50d1cbac27 -> 
  custom:video-decoder-webm-vp8: 9c59270c3fd7afecdb556c50c9e8de78 -> 
  custom:audio-decoder-ogg-vorbis: bf7c407c2cedff20999df2af8eb42d56 -> 
========================================================================
Received Import Request.
  Time since last request: 187851.798766 seconds.
  path: Assets/fiu-main-logo.png
  artifactKey: Guid(d9e0792089971c345a79ec1703a233b6) Importer(815301076,1909f56bfc062723c751e8b465ee728b)
Start importing Assets/fiu-main-logo.png using Guid(d9e0792089971c345a79ec1703a233b6) Importer(815301076,1909f56bfc062723c751e8b465ee728b)  -> (artifact id: '65e6c2af50797841b60715b639b8ca5b') in 0.087452 seconds 
========================================================================
Received Import Request.
  Time since last request: 0.000018 seconds.
  path: Assets/DoorsWood0122_download600.jpg
  artifactKey: Guid(55787d5fc9a677a419773042ccc5fae9) Importer(815301076,1909f56bfc062723c751e8b465ee728b)
Start importing Assets/DoorsWood0122_download600.jpg using Guid(55787d5fc9a677a419773042ccc5fae9) Importer(815301076,1909f56bfc062723c751e8b465ee728b)  -> (artifact id: '17fbabfdba51fe2df24eea47291ca2db') in 0.015078 seconds 
========================================================================
Received Import Request.
  Time since last request: 0.000019 seconds.
  path: Assets/DoorsWood0133_download600.jpg
  artifactKey: Guid(3ec7b4aaa7b95df4484b5cd4c7986660) Importer(815301076,1909f56bfc062723c751e8b465ee728b)
Start importing Assets/DoorsWood0133_download600.jpg using Guid(3ec7b4aaa7b95df4484b5cd4c7986660) Importer(815301076,1909f56bfc062723c751e8b465ee728b)  -> (artifact id: 'ccfca47fe9d0f3e87fa573bd802fb129') in 0.012640 seconds 
========================================================================
Received Prepare
Registering precompiled user dll's ...
Registered in 0.015302 seconds.
Begin MonoManager ReloadAssembly
Symbol file LoadedFromMemory doesn't match image D:\Unity Projects\DREAM-Digital-Twin-Capstone-Project\Library\PackageCache\com.unity.visualscripting@1.8.0\Editor\VisualScripting.Core\Dependencies\DotNetZip\Unity.VisualScripting.IonicZip.dll
Symbol file LoadedFromMemory doesn't match image D:\Unity Projects\DREAM-Digital-Twin-Capstone-Project\Library\PackageCache\com.unity.visualscripting@1.8.0\Editor\VisualScripting.Core\Dependencies\YamlDotNet\Unity.VisualScripting.YamlDotNet.dll
Native extension for WindowsStandalone target not found
Refreshing native plugins compatible for Editor in 0.94 ms, found 11 plugins.
Preloading 0 native plugins for Editor in 0.00 ms.
Mono: successfully reloaded assembly
- Completed reload, in  1.245 seconds
Domain Reload Profiling:
	ReloadAssembly (1246ms)
		BeginReloadAssembly (166ms)
			ExecutionOrderSort (0ms)
			DisableScriptedObjects (4ms)
			BackupInstance (0ms)
			ReleaseScriptingObjects (0ms)
			CreateAndSetChildDomain (41ms)
		EndReloadAssembly (933ms)
			LoadAssemblies (124ms)
			RebuildTransferFunctionScriptingTraits (0ms)
			SetupTypeCache (343ms)
			ReleaseScriptCaches (1ms)
			RebuildScriptCaches (43ms)
			SetupLoadedEditorAssemblies (401ms)
				LogAssemblyErrors (0ms)
				InitializePlatformSupportModulesInManaged (12ms)
				SetLoadedEditorAssemblies (0ms)
				RefreshPlugins (1ms)
				BeforeProcessingInitializeOnLoad (64ms)
				ProcessInitializeOnLoadAttributes (296ms)
				ProcessInitializeOnLoadMethodAttributes (25ms)
				AfterProcessingInitializeOnLoad (3ms)
				EditorAssembliesLoaded (0ms)
			ExecutionOrderSort2 (0ms)
			AwakeInstancesAfterBackupRestoration (8ms)
Platform modules already initialized, skipping
Refreshing native plugins compatible for Editor in 5.36 ms, found 11 plugins.
Preloading 0 native plugins for Editor in 0.00 ms.
Unloading 4293 Unused Serialized files (Serialized files now loaded: 0)
Unloading 59 unused Assets / (27.2 KB). Loaded Objects now: 4775.
Memory consumption went from 148.1 MB to 148.0 MB.
Total: 3.218400 ms (FindLiveObjects: 0.267400 ms CreateObjectMapping: 0.197100 ms MarkObjects: 2.711500 ms  DeleteObjects: 0.041300 ms)

AssetImportParameters requested are different than current active one (requested -> active):
  custom:video-decoder-ogg-theora: a1e56fd34408186e4bbccfd4996cb3dc -> 
  custom:container-muxer-webm: aa71ff27fc2769a1b78a27578f13a17b -> 
  custom:container-demuxer-webm: 4f35f7cbe854078d1ac9338744f61a02 -> 
  custom:video-encoder-webm-vp8: eb34c28f22e8b96e1ab97ce403110664 -> 
  custom:audio-encoder-webm-vorbis: bf7c407c2cedff20999df2af8eb42d56 -> 
  custom:framework-win-MediaFoundation: 216162199b28c13a410421893ffa2e32 -> 
  custom:container-demuxer-ogg: 62fdf1f143b41e24485cea50d1cbac27 -> 
  custom:video-decoder-webm-vp8: 9c59270c3fd7afecdb556c50c9e8de78 -> 
  custom:audio-decoder-ogg-vorbis: bf7c407c2cedff20999df2af8eb42d56 -> 
========================================================================
Received Import Request.
  Time since last request: 446.685246 seconds.
  path: Assets/Brick Project Studio/Apartment Kit/_Prefabs/Furniture/Bathroom/BR_Cabinet_01.prefab
  artifactKey: Guid(4fd059785718649499a344b0c22ecd22) Importer(815301076,1909f56bfc062723c751e8b465ee728b)
Start importing Assets/Brick Project Studio/Apartment Kit/_Prefabs/Furniture/Bathroom/BR_Cabinet_01.prefab using Guid(4fd059785718649499a344b0c22ecd22) Importer(815301076,1909f56bfc062723c751e8b465ee728b)  -> (artifact id: '73b99c90ae62fe4dbce4b73f15e19dfa') in 0.014849 seconds 
========================================================================
Received Import Request.
  Time since last request: 0.007875 seconds.
  path: Assets/Brick Project Studio/Apartment Kit/_Prefabs/Furniture/Bathroom/Shower_Base_01.prefab
  artifactKey: Guid(75f68a1f4dd36214383ec174a8d8bf67) Importer(815301076,1909f56bfc062723c751e8b465ee728b)
Start importing Assets/Brick Project Studio/Apartment Kit/_Prefabs/Furniture/Bathroom/Shower_Base_01.prefab using Guid(75f68a1f4dd36214383ec174a8d8bf67) Importer(815301076,1909f56bfc062723c751e8b465ee728b)  -> (artifact id: 'e14cea9b81486b9e768ef9ad394c8a1a') in 0.563771 seconds 
========================================================================
Received Import Request.
  Time since last request: 0.000023 seconds.
  path: Assets/Brick Project Studio/Apartment Kit/_Prefabs/Furniture/Bathroom/Toilet_Apt_01.prefab
  artifactKey: Guid(10d4ee2e07ed6c043bcfb109fd37b49a) Importer(815301076,1909f56bfc062723c751e8b465ee728b)
Start importing Assets/Brick Project Studio/Apartment Kit/_Prefabs/Furniture/Bathroom/Toilet_Apt_01.prefab using Guid(10d4ee2e07ed6c043bcfb109fd37b49a) Importer(815301076,1909f56bfc062723c751e8b465ee728b)  -> (artifact id: 'ba705153318dc6fe9ba1d0e9d79d32fd') in 0.016384 seconds 
========================================================================
Received Import Request.
  Time since last request: 0.000025 seconds.
  path: Assets/Brick Project Studio/Apartment Kit/_Prefabs/Furniture/Bathroom/BR_Vanity_01.prefab
  artifactKey: Guid(a21b031050e1345409177a5cf15ec3b4) Importer(815301076,1909f56bfc062723c751e8b465ee728b)
Start importing Assets/Brick Project Studio/Apartment Kit/_Prefabs/Furniture/Bathroom/BR_Vanity_01.prefab using Guid(a21b031050e1345409177a5cf15ec3b4) Importer(815301076,1909f56bfc062723c751e8b465ee728b)  -> (artifact id: 'f68b6178afd5c58a6c904670beabb311') in 0.263542 seconds 
========================================================================
Received Import Request.
  Time since last request: 7.348981 seconds.
  path: Assets/Brick Project Studio/Apartment Kit/_Prefabs/Furniture/Bedroom/Bed_Apt_02_01.prefab
  artifactKey: Guid(79723f7a04c42fa4cb0fefb4f7686381) Importer(815301076,1909f56bfc062723c751e8b465ee728b)
Start importing Assets/Brick Project Studio/Apartment Kit/_Prefabs/Furniture/Bedroom/Bed_Apt_02_01.prefab using Guid(79723f7a04c42fa4cb0fefb4f7686381) Importer(815301076,1909f56bfc062723c751e8b465ee728b)  -> (artifact id: '1347507d2cfaded07994d50a705f8f8c') in 0.311536 seconds 
========================================================================
Received Import Request.
  Time since last request: 4.605000 seconds.
  path: Assets/Brick Project Studio/Apartment Kit/_Prefabs/Furniture/Living Room/Shelf_Apt_01.prefab
  artifactKey: Guid(658e64758890bc24ba679c51e2cd2ab3) Importer(815301076,1909f56bfc062723c751e8b465ee728b)
Start importing Assets/Brick Project Studio/Apartment Kit/_Prefabs/Furniture/Living Room/Shelf_Apt_01.prefab using Guid(658e64758890bc24ba679c51e2cd2ab3) Importer(815301076,1909f56bfc062723c751e8b465ee728b)  -> (artifact id: 'd8f2de0982d0537d0ad5458647595fc7') in 0.029263 seconds 
========================================================================
Received Import Request.
  Time since last request: 0.000026 seconds.
  path: Assets/Brick Project Studio/Apartment Kit/_Prefabs/Furniture/Living Room/Table_Computer_01_Setup.prefab
  artifactKey: Guid(7699f5af06713974ba61777a8a830f6e) Importer(815301076,1909f56bfc062723c751e8b465ee728b)
Start importing Assets/Brick Project Studio/Apartment Kit/_Prefabs/Furniture/Living Room/Table_Computer_01_Setup.prefab using Guid(7699f5af06713974ba61777a8a830f6e) Importer(815301076,1909f56bfc062723c751e8b465ee728b)  -> (artifact id: '6d1c62d597fb3420eb66bb88df4bf725') in 0.144231 seconds 
========================================================================
Received Import Request.
  Time since last request: 0.000022 seconds.
  path: Assets/Brick Project Studio/Apartment Kit/_Prefabs/Furniture/Living Room/Table_Dining_Apt_01.prefab
  artifactKey: Guid(88eb65b4dea685a4cad7ad664104b001) Importer(815301076,1909f56bfc062723c751e8b465ee728b)
Start importing Assets/Brick Project Studio/Apartment Kit/_Prefabs/Furniture/Living Room/Table_Dining_Apt_01.prefab using Guid(88eb65b4dea685a4cad7ad664104b001) Importer(815301076,1909f56bfc062723c751e8b465ee728b)  -> (artifact id: 'd69197a52037cb36d36fbf9dc99a797f') in 0.247746 seconds 
========================================================================
Received Import Request.
  Time since last request: 0.000049 seconds.
  path: Assets/Brick Project Studio/Apartment Kit/_Prefabs/Furniture/Living Room/WallShelf_Apt_02.prefab
  artifactKey: Guid(372a0d77e8005d947bd72f3cf2cbde53) Importer(815301076,1909f56bfc062723c751e8b465ee728b)
Start importing Assets/Brick Project Studio/Apartment Kit/_Prefabs/Furniture/Living Room/WallShelf_Apt_02.prefab using Guid(372a0d77e8005d947bd72f3cf2cbde53) Importer(815301076,1909f56bfc062723c751e8b465ee728b)  -> (artifact id: '47703db933671a9fc2fd3f66515fe1c3') in 0.023062 seconds 
========================================================================
Received Import Request.
  Time since last request: 14.716486 seconds.
  path: Assets/Brick Project Studio/Apartment Kit/_Prefabs/Props/Misc/MirrorPlate.prefab
  artifactKey: Guid(ba11bcdb94e8ac2498db51b197091c7a) Importer(815301076,1909f56bfc062723c751e8b465ee728b)
Start importing Assets/Brick Project Studio/Apartment Kit/_Prefabs/Props/Misc/MirrorPlate.prefab using Guid(ba11bcdb94e8ac2498db51b197091c7a) Importer(815301076,1909f56bfc062723c751e8b465ee728b)  -> (artifact id: '62c5a75a34420153afff1cbea4d2319d') in 0.015539 seconds 
========================================================================
Received Import Request.
  Time since last request: 0.000019 seconds.
  path: Assets/Brick Project Studio/Apartment Kit/_Prefabs/Props/Misc/Vase_Apt_01.prefab
  artifactKey: Guid(eeba5b089ee3b4a4cbe7167afae0e4e1) Importer(815301076,1909f56bfc062723c751e8b465ee728b)
Start importing Assets/Brick Project Studio/Apartment Kit/_Prefabs/Props/Misc/Vase_Apt_01.prefab using Guid(eeba5b089ee3b4a4cbe7167afae0e4e1) Importer(815301076,1909f56bfc062723c751e8b465ee728b)  -> (artifact id: 'fe3ae93680c8e16764cd0cc0131343d0') in 0.013310 seconds 
========================================================================
Received Import Request.
  Time since last request: 0.000014 seconds.
  path: Assets/Brick Project Studio/Apartment Kit/_Prefabs/Props/Misc/Wall_Mirror_01.prefab
  artifactKey: Guid(22a931750861f724a854421dccfa17e0) Importer(815301076,1909f56bfc062723c751e8b465ee728b)
Start importing Assets/Brick Project Studio/Apartment Kit/_Prefabs/Props/Misc/Wall_Mirror_01.prefab using Guid(22a931750861f724a854421dccfa17e0) Importer(815301076,1909f56bfc062723c751e8b465ee728b)  -> (artifact id: '7d9e8a6151ea5264d7e66c6619525181') in 0.019179 seconds 
========================================================================
Received Import Request.
  Time since last request: 0.000017 seconds.
  path: Assets/Brick Project Studio/Apartment Kit/_Prefabs/Props/Misc/WelcomeMat_01.prefab
  artifactKey: Guid(7ade998a75360c54ca6e55373981e604) Importer(815301076,1909f56bfc062723c751e8b465ee728b)
Start importing Assets/Brick Project Studio/Apartment Kit/_Prefabs/Props/Misc/WelcomeMat_01.prefab using Guid(7ade998a75360c54ca6e55373981e604) Importer(815301076,1909f56bfc062723c751e8b465ee728b)  -> (artifact id: 'f58c3f95308d12d169567550fabb8c4a') in 0.017076 seconds 
========================================================================
Received Import Request.
  Time since last request: 0.000018 seconds.
  path: Assets/Brick Project Studio/Apartment Kit/_Prefabs/Props/Misc/Wall_Mirror_02.prefab
  artifactKey: Guid(646857c834326db489fedada3df0bbc5) Importer(815301076,1909f56bfc062723c751e8b465ee728b)
Start importing Assets/Brick Project Studio/Apartment Kit/_Prefabs/Props/Misc/Wall_Mirror_02.prefab using Guid(646857c834326db489fedada3df0bbc5) Importer(815301076,1909f56bfc062723c751e8b465ee728b)  -> (artifact id: '9d20e6ef6b68cf025a7fb484f6a70956') in 0.021041 seconds 
========================================================================
Received Import Request.
  Time since last request: 0.000024 seconds.
  path: Assets/Brick Project Studio/Apartment Kit/_Prefabs/Props/Misc/Trash_apt_01.prefab
  artifactKey: Guid(cd4ca976dbf626549971e19d7ef53367) Importer(815301076,1909f56bfc062723c751e8b465ee728b)
Start importing Assets/Brick Project Studio/Apartment Kit/_Prefabs/Props/Misc/Trash_apt_01.prefab using Guid(cd4ca976dbf626549971e19d7ef53367) Importer(815301076,1909f56bfc062723c751e8b465ee728b)  -> (artifact id: 'b3c8aabaf7521a1b5085316254d58b25') in 0.033427 seconds 
========================================================================
Received Import Request.
  Time since last request: 0.000017 seconds.
  path: Assets/Brick Project Studio/Apartment Kit/_Prefabs/Props/Misc/Vase_Apt_03.prefab
  artifactKey: Guid(7a897a6b060173d41a37261351d86569) Importer(815301076,1909f56bfc062723c751e8b465ee728b)
Start importing Assets/Brick Project Studio/Apartment Kit/_Prefabs/Props/Misc/Vase_Apt_03.prefab using Guid(7a897a6b060173d41a37261351d86569) Importer(815301076,1909f56bfc062723c751e8b465ee728b)  -> (artifact id: 'a6fb909d081f1e29a71d724e9fa353c1') in 0.014848 seconds 
========================================================================
Received Import Request.
  Time since last request: 0.000022 seconds.
  path: Assets/Brick Project Studio/Apartment Kit/_Prefabs/Props/Misc/MirrorPlate_Filled Variant.prefab
  artifactKey: Guid(c0474be4602986b4f9e6342b6b0817e7) Importer(815301076,1909f56bfc062723c751e8b465ee728b)
Start importing Assets/Brick Project Studio/Apartment Kit/_Prefabs/Props/Misc/MirrorPlate_Filled Variant.prefab using Guid(c0474be4602986b4f9e6342b6b0817e7) Importer(815301076,1909f56bfc062723c751e8b465ee728b)  -> (artifact id: 'e9523212575b4f7c61870d18220cb76f') in 0.560459 seconds 
========================================================================
Received Import Request.
  Time since last request: 99.124959 seconds.
  path: Assets/Brick Project Studio/Apartment Kit/_Prefabs/Props/Electronics/GameConsole_Apt_01.prefab
  artifactKey: Guid(29e76f542ce050b4d8948ddead8c0c46) Importer(815301076,1909f56bfc062723c751e8b465ee728b)
Start importing Assets/Brick Project Studio/Apartment Kit/_Prefabs/Props/Electronics/GameConsole_Apt_01.prefab using Guid(29e76f542ce050b4d8948ddead8c0c46) Importer(815301076,1909f56bfc062723c751e8b465ee728b)  -> (artifact id: 'fc56343dfcb601d9de6e7db02f5d9598') in 0.017633 seconds 
========================================================================
Received Import Request.
  Time since last request: 0.000021 seconds.
  path: Assets/Brick Project Studio/Apartment Kit/_Prefabs/Props/Electronics/SS_01.prefab
  artifactKey: Guid(f91743800f2ab3740ac9db4eedb46f2d) Importer(815301076,1909f56bfc062723c751e8b465ee728b)
Start importing Assets/Brick Project Studio/Apartment Kit/_Prefabs/Props/Electronics/SS_01.prefab using Guid(f91743800f2ab3740ac9db4eedb46f2d) Importer(815301076,1909f56bfc062723c751e8b465ee728b)  -> (artifact id: '4d2a642b153a301ce4651b654342202b') in 0.029400 seconds 
========================================================================
Received Import Request.
  Time since last request: 0.000025 seconds.
  path: Assets/Brick Project Studio/Apartment Kit/_Prefabs/Props/Electronics/TV_Apt_01.prefab
  artifactKey: Guid(56a93cd127ed0184982c13ec0a61cfa5) Importer(815301076,1909f56bfc062723c751e8b465ee728b)
Start importing Assets/Brick Project Studio/Apartment Kit/_Prefabs/Props/Electronics/TV_Apt_01.prefab using Guid(56a93cd127ed0184982c13ec0a61cfa5) Importer(815301076,1909f56bfc062723c751e8b465ee728b)  -> (artifact id: '86668400a003c63d3d7599d97d7aae2f') in 0.277960 seconds 
========================================================================
Received Import Request.
  Time since last request: 270.857950 seconds.
  path: Assets/Brick Project Studio/Apartment Kit/_Prefabs/Props/Bathroom/BathroomMat_01.prefab
  artifactKey: Guid(c39a7487ae8768f46b4f6344ce704453) Importer(815301076,1909f56bfc062723c751e8b465ee728b)
Start importing Assets/Brick Project Studio/Apartment Kit/_Prefabs/Props/Bathroom/BathroomMat_01.prefab using Guid(c39a7487ae8768f46b4f6344ce704453) Importer(815301076,1909f56bfc062723c751e8b465ee728b)  -> (artifact id: '5ba7bff555c018b7a94937e62994f17a') in 0.017891 seconds 
========================================================================
Received Import Request.
  Time since last request: 0.000040 seconds.
  path: Assets/Brick Project Studio/Apartment Kit/_Prefabs/Props/Bathroom/ToothbrushCup.prefab
  artifactKey: Guid(e539e85f8e056d1468b40ad13ac5a551) Importer(815301076,1909f56bfc062723c751e8b465ee728b)
Start importing Assets/Brick Project Studio/Apartment Kit/_Prefabs/Props/Bathroom/ToothbrushCup.prefab using Guid(e539e85f8e056d1468b40ad13ac5a551) Importer(815301076,1909f56bfc062723c751e8b465ee728b)  -> (artifact id: '0e33b75f36f25c95b4d3b9b91b27d9c5') in 0.022767 seconds 
========================================================================
Received Import Request.
  Time since last request: 0.000019 seconds.
  path: Assets/Brick Project Studio/Apartment Kit/_Prefabs/Props/Bathroom/TowelRack_Apt_01.prefab
  artifactKey: Guid(0c194d566209b524bb98efa3b5f1563e) Importer(815301076,1909f56bfc062723c751e8b465ee728b)
Start importing Assets/Brick Project Studio/Apartment Kit/_Prefabs/Props/Bathroom/TowelRack_Apt_01.prefab using Guid(0c194d566209b524bb98efa3b5f1563e) Importer(815301076,1909f56bfc062723c751e8b465ee728b)  -> (artifact id: 'dbc834ccdf9ef05f42d0deebb007f686') in 0.018536 seconds 
========================================================================
Received Import Request.
  Time since last request: 0.000019 seconds.
  path: Assets/Brick Project Studio/Apartment Kit/_Prefabs/Props/Bathroom/Shower_Head_01.prefab
  artifactKey: Guid(708f360dca4c28243813704f811ad080) Importer(815301076,1909f56bfc062723c751e8b465ee728b)
Start importing Assets/Brick Project Studio/Apartment Kit/_Prefabs/Props/Bathroom/Shower_Head_01.prefab using Guid(708f360dca4c28243813704f811ad080) Importer(815301076,1909f56bfc062723c751e8b465ee728b)  -> (artifact id: '811b099cd078c0ecdbb3a16251ba0570') in 0.021910 seconds 
========================================================================
Received Import Request.
  Time since last request: 0.000020 seconds.
  path: Assets/Brick Project Studio/Apartment Kit/_Prefabs/Props/Bathroom/TowelRack_Apt_02.prefab
  artifactKey: Guid(dd22d3cb5edddc54fb43d88c8b0da7d5) Importer(815301076,1909f56bfc062723c751e8b465ee728b)
Start importing Assets/Brick Project Studio/Apartment Kit/_Prefabs/Props/Bathroom/TowelRack_Apt_02.prefab using Guid(dd22d3cb5edddc54fb43d88c8b0da7d5) Importer(815301076,1909f56bfc062723c751e8b465ee728b)  -> (artifact id: 'a5861343591ad4e2f244166d43ae3794') in 0.021496 seconds 
========================================================================
Received Import Request.
  Time since last request: 0.000031 seconds.
  path: Assets/Brick Project Studio/Apartment Kit/_Prefabs/Props/Bathroom/Shower_Handel_01.prefab
  artifactKey: Guid(2c53d7677acbaf34b81c7da75f0544ff) Importer(815301076,1909f56bfc062723c751e8b465ee728b)
Start importing Assets/Brick Project Studio/Apartment Kit/_Prefabs/Props/Bathroom/Shower_Handel_01.prefab using Guid(2c53d7677acbaf34b81c7da75f0544ff) Importer(815301076,1909f56bfc062723c751e8b465ee728b)  -> (artifact id: '3e6f4532b602f1d578dba3be9d9f6321') in 0.017872 seconds 
========================================================================
Received Import Request.
  Time since last request: 0.000021 seconds.
  path: Assets/Brick Project Studio/Apartment Kit/_Prefabs/Props/Bathroom/Toothbrush_03.prefab
  artifactKey: Guid(6a38eedbc13730a4e83af50d68894995) Importer(815301076,1909f56bfc062723c751e8b465ee728b)
Start importing Assets/Brick Project Studio/Apartment Kit/_Prefabs/Props/Bathroom/Toothbrush_03.prefab using Guid(6a38eedbc13730a4e83af50d68894995) Importer(815301076,1909f56bfc062723c751e8b465ee728b)  -> (artifact id: 'd7e7d50c1f5edfc65ab322f91018d5f7') in 0.015860 seconds 
========================================================================
Received Import Request.
  Time since last request: 0.000033 seconds.
  path: Assets/Brick Project Studio/Apartment Kit/_Prefabs/Props/Bathroom/ToothbrushCup_Filled.prefab
  artifactKey: Guid(65acb63846e2c9a429906aa8e2ecdd54) Importer(815301076,1909f56bfc062723c751e8b465ee728b)
Start importing Assets/Brick Project Studio/Apartment Kit/_Prefabs/Props/Bathroom/ToothbrushCup_Filled.prefab using Guid(65acb63846e2c9a429906aa8e2ecdd54) Importer(815301076,1909f56bfc062723c751e8b465ee728b)  -> (artifact id: '141849002597f21b688f1ffe4e668ef7') in 0.021970 seconds 
========================================================================
Received Import Request.
  Time since last request: 0.000021 seconds.
  path: Assets/Brick Project Studio/Apartment Kit/_Prefabs/Props/Bathroom/ToiletPaperHolder_01.prefab
  artifactKey: Guid(ba074cf4b261d9a4882932e86021742c) Importer(815301076,1909f56bfc062723c751e8b465ee728b)
Start importing Assets/Brick Project Studio/Apartment Kit/_Prefabs/Props/Bathroom/ToiletPaperHolder_01.prefab using Guid(ba074cf4b261d9a4882932e86021742c) Importer(815301076,1909f56bfc062723c751e8b465ee728b)  -> (artifact id: 'c8bb3178939ac592a33e8c1f5285d866') in 0.017378 seconds 
========================================================================
Received Import Request.
  Time since last request: 1.795649 seconds.
  path: Assets/Brick Project Studio/Apartment Kit/_Prefabs/Props/Art/Canvas_Painting_01.prefab
  artifactKey: Guid(034a790e51efb8c42af98f9b7728dfe6) Importer(815301076,1909f56bfc062723c751e8b465ee728b)
Start importing Assets/Brick Project Studio/Apartment Kit/_Prefabs/Props/Art/Canvas_Painting_01.prefab using Guid(034a790e51efb8c42af98f9b7728dfe6) Importer(815301076,1909f56bfc062723c751e8b465ee728b)  -> (artifact id: '078fc4634a53bb1e6a3de3a2bb99ddc3') in 0.020970 seconds 
========================================================================
Received Import Request.
  Time since last request: 0.000027 seconds.
  path: Assets/Brick Project Studio/Apartment Kit/_Prefabs/Props/Art/WallArt_Apt_01.prefab
  artifactKey: Guid(6ab6af969cb643e44b67269676f36669) Importer(815301076,1909f56bfc062723c751e8b465ee728b)
Start importing Assets/Brick Project Studio/Apartment Kit/_Prefabs/Props/Art/WallArt_Apt_01.prefab using Guid(6ab6af969cb643e44b67269676f36669) Importer(815301076,1909f56bfc062723c751e8b465ee728b)  -> (artifact id: '01ad8d85a657f355796a307e7cb950e9') in 0.024259 seconds 
========================================================================
Received Import Request.
  Time since last request: 0.000019 seconds.
  path: Assets/Brick Project Studio/Apartment Kit/_Prefabs/Props/Art/Rug_Apt_02.prefab
  artifactKey: Guid(c8efa0ebb83f8f9498202481854c76a5) Importer(815301076,1909f56bfc062723c751e8b465ee728b)
Start importing Assets/Brick Project Studio/Apartment Kit/_Prefabs/Props/Art/Rug_Apt_02.prefab using Guid(c8efa0ebb83f8f9498202481854c76a5) Importer(815301076,1909f56bfc062723c751e8b465ee728b)  -> (artifact id: '0cceb4c34bbc3967319604acae585b56') in 0.018572 seconds 
========================================================================
Received Import Request.
  Time since last request: 0.000016 seconds.
  path: Assets/Brick Project Studio/Apartment Kit/_Prefabs/Props/Art/WallArt_Apt_04.prefab
  artifactKey: Guid(2804d1473f02dbe46804e506168c85ec) Importer(815301076,1909f56bfc062723c751e8b465ee728b)
Start importing Assets/Brick Project Studio/Apartment Kit/_Prefabs/Props/Art/WallArt_Apt_04.prefab using Guid(2804d1473f02dbe46804e506168c85ec) Importer(815301076,1909f56bfc062723c751e8b465ee728b)  -> (artifact id: 'b4b4841c38dbb09676b6d832a0587400') in 0.023153 seconds 
========================================================================
Received Import Request.
  Time since last request: 0.000019 seconds.
  path: Assets/Brick Project Studio/Apartment Kit/_Prefabs/Props/Art/WallArt_Apt_03.prefab
  artifactKey: Guid(28452da629c654043bf2718da2d8add6) Importer(815301076,1909f56bfc062723c751e8b465ee728b)
Start importing Assets/Brick Project Studio/Apartment Kit/_Prefabs/Props/Art/WallArt_Apt_03.prefab using Guid(28452da629c654043bf2718da2d8add6) Importer(815301076,1909f56bfc062723c751e8b465ee728b)  -> (artifact id: '30fb5c0d8780ce82b2d990ff482670ca') in 0.021509 seconds 
========================================================================
Received Import Request.
  Time since last request: 0.000018 seconds.
  path: Assets/Brick Project Studio/Apartment Kit/_Prefabs/Props/Art/Wall Wine Rack_Apt_01.prefab
  artifactKey: Guid(79b944a6d385a6444a7932d0dd93d9ce) Importer(815301076,1909f56bfc062723c751e8b465ee728b)
Start importing Assets/Brick Project Studio/Apartment Kit/_Prefabs/Props/Art/Wall Wine Rack_Apt_01.prefab using Guid(79b944a6d385a6444a7932d0dd93d9ce) Importer(815301076,1909f56bfc062723c751e8b465ee728b)  -> (artifact id: 'a753e727cf9c6e1953849eac6d47fe8b') in 0.019558 seconds 
Editor requested this worker to shutdown with reason: Scaling down because of idle timeout
AssetImportWorker is now disconnected from the server
Process exiting
Exiting without the bug reporter. Application will terminate with return code 0